  Main.cpp
d:\vcprogram\class_6\ex5\ex5\main.cpp(29): warning C4244: “参数”: 从“int”转换到“_Tp”，可能丢失数据
          with
          [
              _Tp=float
          ]
d:\vcprogram\class_6\ex5\ex5\main.cpp(30): warning C4244: “参数”: 从“int”转换到“_Tp”，可能丢失数据
          with
          [
              _Tp=float
          ]
d:\vcprogram\class_6\ex5\ex5\main.cpp(43): warning C4244: “参数”: 从“int”转换到“_Tp”，可能丢失数据
          with
          [
              _Tp=float
          ]
d:\vcprogram\class_6\ex5\ex5\main.cpp(44): warning C4244: “参数”: 从“int”转换到“_Tp”，可能丢失数据
          with
          [
              _Tp=float
          ]
d:\vcprogram\class_6\ex5\ex5\main.cpp(45): warning C4244: “参数”: 从“int”转换到“_Tp”，可能丢失数据
          with
          [
              _Tp=float
          ]
d:\vcprogram\class_6\ex5\ex5\main.cpp(47): warning C4244: “=”: 从“int”转换到“_Tp”，可能丢失数据
          with
          [
              _Tp=float
          ]
d:\vcprogram\class_6\ex5\ex5\main.cpp(48): warning C4244: “=”: 从“int”转换到“_Tp”，可能丢失数据
          with
          [
              _Tp=float
          ]
  EX5.vcxproj -> D:\VCPROGRAM\CLASS_6\EX5\x64\Debug\EX5.exe
